2019-07-23 11:22:38 | [34mINFO [0;39m | [1;33mrestartedMain[0;39m | [1;32mcom.zyx.Demo1Application[0;39m | Starting Demo1Application on zhangyuexu with PID 1341 (/Users/xueqiu/Downloads/demo1/target/classes started by xueqiu in /Users/xueqiu/Downloads/demo1)
2019-07-23 11:22:38 | [34mINFO [0;39m | [1;33mrestartedMain[0;39m | [1;32mcom.zyx.Demo1Application[0;39m | The following profiles are active: myapplication.yaml
2019-07-23 11:22:38 | [34mINFO [0;39m | [1;33mrestartedMain[0;39m | [1;32morg.springframework.boot.devtools.env.DevToolsPropertyDefaultsPostProcessor[0;39m | Devtools property defaults active! Set 'spring.devtools.add-properties' to 'false' to disable
2019-07-23 11:22:38 | [34mINFO [0;39m | [1;33mrestartedMain[0;39m | [1;32morg.springframework.boot.devtools.env.DevToolsPropertyDefaultsPostProcessor[0;39m | For additional web related logging consider setting the 'logging.level.web' property to 'DEBUG'
2019-07-23 11:22:39 | [34mINFO [0;39m | [1;33mrestartedMain[0;39m | [1;32morg.springframework.data.repository.config.RepositoryConfigurationDelegate[0;39m | Multiple Spring Data modules found, entering strict repository configuration mode!
2019-07-23 11:22:39 | [34mINFO [0;39m | [1;33mrestartedMain[0;39m | [1;32morg.springframework.data.repository.config.RepositoryConfigurationDelegate[0;39m | Bootstrapping Spring Data repositories in DEFAULT mode.
2019-07-23 11:22:40 | [34mINFO [0;39m | [1;33mrestartedMain[0;39m | [1;32morg.springframework.data.repository.config.RepositoryConfigurationDelegate[0;39m | Finished Spring Data repository scanning in 37ms. Found 0 repository interfaces.
2019-07-23 11:22:40 | [34mINFO [0;39m | [1;33mrestartedMain[0;39m | [1;32morg.springframework.context.support.PostProcessorRegistrationDelegate$BeanPostProcessorChecker[0;39m | Bean 'redisConfig' of type [com.zyx.util.redis.RedisConfig$$EnhancerBySpringCGLIB$$e5d6cd7a] is not eligible for getting processed by all BeanPostProcessors (for example: not eligible for auto-proxying)
2019-07-23 11:22:40 | [34mINFO [0;39m | [1;33mrestartedMain[0;39m | [1;32morg.springframework.context.support.PostProcessorRegistrationDelegate$BeanPostProcessorChecker[0;39m | Bean 'org.springframework.transaction.annotation.ProxyTransactionManagementConfiguration' of type [org.springframework.transaction.annotation.ProxyTransactionManagementConfiguration$$EnhancerBySpringCGLIB$$78a32775] is not eligible for getting processed by all BeanPostProcessors (for example: not eligible for auto-proxying)
2019-07-23 11:22:41 | [34mINFO [0;39m | [1;33mrestartedMain[0;39m | [1;32morg.springframework.boot.web.embedded.tomcat.TomcatWebServer[0;39m | Tomcat initialized with port(s): 9090 (http)
2019-07-23 11:22:41 | [34mINFO [0;39m | [1;33mrestartedMain[0;39m | [1;32morg.apache.coyote.http11.Http11NioProtocol[0;39m | Initializing ProtocolHandler ["http-nio-9090"]
2019-07-23 11:22:41 | [34mINFO [0;39m | [1;33mrestartedMain[0;39m | [1;32morg.apache.catalina.core.StandardService[0;39m | Starting service [Tomcat]
2019-07-23 11:22:41 | [34mINFO [0;39m | [1;33mrestartedMain[0;39m | [1;32morg.apache.catalina.core.StandardEngine[0;39m | Starting Servlet engine: [Apache Tomcat/9.0.21]
2019-07-23 11:22:41 | [34mINFO [0;39m | [1;33mrestartedMain[0;39m | [1;32morg.apache.catalina.core.ContainerBase.[Tomcat].[localhost].[/project1][0;39m | Initializing Spring embedded WebApplicationContext
2019-07-23 11:22:41 | [34mINFO [0;39m | [1;33mrestartedMain[0;39m | [1;32morg.springframework.web.context.ContextLoader[0;39m | Root WebApplicationContext: initialization completed in 2695 ms
2019-07-23 11:22:42 | [34mINFO [0;39m | [1;33mrestartedMain[0;39m | [1;32mcom.zyx.util.redis.RedisConfig[0;39m | 自定义RedisCacheManager加载完成
2019-07-23 11:22:42 | [34mINFO [0;39m | [1;33mrestartedMain[0;39m | [1;32morg.springframework.scheduling.concurrent.ThreadPoolTaskExecutor[0;39m | Initializing ExecutorService 'applicationTaskExecutor'
2019-07-23 11:22:43 | [34mINFO [0;39m | [1;33mrestartedMain[0;39m | [1;32morg.springframework.boot.devtools.autoconfigure.OptionalLiveReloadServer[0;39m | LiveReload server is running on port 35729
2019-07-23 11:22:43 | [34mINFO [0;39m | [1;33mrestartedMain[0;39m | [1;32morg.apache.coyote.http11.Http11NioProtocol[0;39m | Starting ProtocolHandler ["http-nio-9090"]
2019-07-23 11:22:43 | [34mINFO [0;39m | [1;33mrestartedMain[0;39m | [1;32morg.springframework.boot.web.embedded.tomcat.TomcatWebServer[0;39m | Tomcat started on port(s): 9090 (http) with context path '/project1'
2019-07-23 11:22:43 | [34mINFO [0;39m | [1;33mrestartedMain[0;39m | [1;32mcom.zyx.Demo1Application[0;39m | Started Demo1Application in 6.71 seconds (JVM running for 7.86)
2019-07-23 11:23:01 | [34mINFO [0;39m | [1;33mhttp-nio-9090-exec-1[0;39m | [1;32morg.apache.catalina.core.ContainerBase.[Tomcat].[localhost].[/project1][0;39m | Initializing Spring DispatcherServlet 'dispatcherServlet'
2019-07-23 11:23:01 | [34mINFO [0;39m | [1;33mhttp-nio-9090-exec-1[0;39m | [1;32morg.springframework.web.servlet.DispatcherServlet[0;39m | Initializing Servlet 'dispatcherServlet'
2019-07-23 11:23:01 | [34mINFO [0;39m | [1;33mhttp-nio-9090-exec-1[0;39m | [1;32morg.springframework.web.servlet.DispatcherServlet[0;39m | Completed initialization in 11 ms
2019-07-23 11:23:01 | [34mINFO [0;39m | [1;33mhttp-nio-9090-exec-1[0;39m | [1;32mio.lettuce.core.EpollProvider[0;39m | Starting without optional epoll library
2019-07-23 11:23:01 | [34mINFO [0;39m | [1;33mhttp-nio-9090-exec-1[0;39m | [1;32mio.lettuce.core.KqueueProvider[0;39m | Starting without optional kqueue library
2019-07-23 11:23:01 | [34mINFO [0;39m | [1;33mhttp-nio-9090-exec-1[0;39m | [1;32mcom.alibaba.druid.pool.DruidDataSource[0;39m | {dataSource-1} inited
2019-07-23 11:34:22 | [34mINFO [0;39m | [1;33mThread-6[0;39m | [1;32morg.springframework.scheduling.concurrent.ThreadPoolTaskExecutor[0;39m | Shutting down ExecutorService 'applicationTaskExecutor'
2019-07-23 11:34:22 | [34mINFO [0;39m | [1;33mThread-6[0;39m | [1;32mcom.alibaba.druid.pool.DruidDataSource[0;39m | {dataSource-1} closing ...
2019-07-23 11:34:22 | [34mINFO [0;39m | [1;33mThread-6[0;39m | [1;32mcom.alibaba.druid.pool.DruidDataSource[0;39m | {dataSource-1} closed
2019-07-23 11:34:24 | [34mINFO [0;39m | [1;33mrestartedMain[0;39m | [1;32mcom.zyx.Demo1Application[0;39m | Starting Demo1Application on zhangyuexu with PID 1341 (/Users/xueqiu/Downloads/demo1/target/classes started by xueqiu in /Users/xueqiu/Downloads/demo1)
2019-07-23 11:34:24 | [34mINFO [0;39m | [1;33mrestartedMain[0;39m | [1;32mcom.zyx.Demo1Application[0;39m | The following profiles are active: myapplication.yaml
2019-07-23 11:34:24 | [34mINFO [0;39m | [1;33mrestartedMain[0;39m | [1;32morg.springframework.data.repository.config.RepositoryConfigurationDelegate[0;39m | Multiple Spring Data modules found, entering strict repository configuration mode!
2019-07-23 11:34:24 | [34mINFO [0;39m | [1;33mrestartedMain[0;39m | [1;32morg.springframework.data.repository.config.RepositoryConfigurationDelegate[0;39m | Bootstrapping Spring Data repositories in DEFAULT mode.
2019-07-23 11:34:24 | [34mINFO [0;39m | [1;33mrestartedMain[0;39m | [1;32morg.springframework.data.repository.config.RepositoryConfigurationDelegate[0;39m | Finished Spring Data repository scanning in 8ms. Found 0 repository interfaces.
2019-07-23 11:34:24 | [34mINFO [0;39m | [1;33mrestartedMain[0;39m | [1;32morg.springframework.context.support.PostProcessorRegistrationDelegate$BeanPostProcessorChecker[0;39m | Bean 'redisConfig' of type [com.zyx.util.redis.RedisConfig$$EnhancerBySpringCGLIB$$e5d6cd7a] is not eligible for getting processed by all BeanPostProcessors (for example: not eligible for auto-proxying)
2019-07-23 11:34:24 | [34mINFO [0;39m | [1;33mrestartedMain[0;39m | [1;32morg.springframework.context.support.PostProcessorRegistrationDelegate$BeanPostProcessorChecker[0;39m | Bean 'org.springframework.transaction.annotation.ProxyTransactionManagementConfiguration' of type [org.springframework.transaction.annotation.ProxyTransactionManagementConfiguration$$EnhancerBySpringCGLIB$$78a32775] is not eligible for getting processed by all BeanPostProcessors (for example: not eligible for auto-proxying)
2019-07-23 11:34:24 | [34mINFO [0;39m | [1;33mrestartedMain[0;39m | [1;32morg.springframework.boot.web.embedded.tomcat.TomcatWebServer[0;39m | Tomcat initialized with port(s): 9090 (http)
2019-07-23 11:34:24 | [34mINFO [0;39m | [1;33mrestartedMain[0;39m | [1;32morg.apache.coyote.http11.Http11NioProtocol[0;39m | Initializing ProtocolHandler ["http-nio-9090"]
2019-07-23 11:34:24 | [34mINFO [0;39m | [1;33mrestartedMain[0;39m | [1;32morg.apache.catalina.core.StandardService[0;39m | Starting service [Tomcat]
2019-07-23 11:34:24 | [34mINFO [0;39m | [1;33mrestartedMain[0;39m | [1;32morg.apache.catalina.core.StandardEngine[0;39m | Starting Servlet engine: [Apache Tomcat/9.0.21]
2019-07-23 11:34:24 | [34mINFO [0;39m | [1;33mrestartedMain[0;39m | [1;32morg.apache.catalina.core.ContainerBase.[Tomcat].[localhost].[/project1][0;39m | Initializing Spring embedded WebApplicationContext
2019-07-23 11:34:24 | [34mINFO [0;39m | [1;33mrestartedMain[0;39m | [1;32morg.springframework.web.context.ContextLoader[0;39m | Root WebApplicationContext: initialization completed in 371 ms
2019-07-23 11:34:25 | [34mINFO [0;39m | [1;33mrestartedMain[0;39m | [1;32mcom.zyx.util.redis.RedisConfig[0;39m | 自定义RedisCacheManager加载完成
2019-07-23 11:34:25 | [34mINFO [0;39m | [1;33mrestartedMain[0;39m | [1;32morg.springframework.scheduling.concurrent.ThreadPoolTaskExecutor[0;39m | Initializing ExecutorService 'applicationTaskExecutor'
2019-07-23 11:34:25 | [34mINFO [0;39m | [1;33mrestartedMain[0;39m | [1;32morg.springframework.boot.devtools.autoconfigure.OptionalLiveReloadServer[0;39m | LiveReload server is running on port 35729
2019-07-23 11:34:25 | [34mINFO [0;39m | [1;33mrestartedMain[0;39m | [1;32morg.apache.coyote.http11.Http11NioProtocol[0;39m | Starting ProtocolHandler ["http-nio-9090"]
2019-07-23 11:34:25 | [34mINFO [0;39m | [1;33mrestartedMain[0;39m | [1;32morg.springframework.boot.web.embedded.tomcat.TomcatWebServer[0;39m | Tomcat started on port(s): 9090 (http) with context path '/project1'
2019-07-23 11:34:25 | [34mINFO [0;39m | [1;33mrestartedMain[0;39m | [1;32mcom.zyx.Demo1Application[0;39m | Started Demo1Application in 1.792 seconds (JVM running for 709.644)
2019-07-23 11:34:25 | [34mINFO [0;39m | [1;33mrestartedMain[0;39m | [1;32morg.springframework.boot.devtools.autoconfigure.ConditionEvaluationDeltaLoggingListener[0;39m | Condition evaluation unchanged
2019-07-23 11:35:05 | [34mINFO [0;39m | [1;33mhttp-nio-9090-exec-1[0;39m | [1;32morg.apache.catalina.core.ContainerBase.[Tomcat].[localhost].[/project1][0;39m | Initializing Spring DispatcherServlet 'dispatcherServlet'
2019-07-23 11:35:05 | [34mINFO [0;39m | [1;33mhttp-nio-9090-exec-1[0;39m | [1;32morg.springframework.web.servlet.DispatcherServlet[0;39m | Initializing Servlet 'dispatcherServlet'
2019-07-23 11:35:05 | [34mINFO [0;39m | [1;33mhttp-nio-9090-exec-1[0;39m | [1;32morg.springframework.web.servlet.DispatcherServlet[0;39m | Completed initialization in 4 ms
2019-07-23 11:35:05 | [34mINFO [0;39m | [1;33mhttp-nio-9090-exec-1[0;39m | [1;32mcom.alibaba.druid.pool.DruidDataSource[0;39m | {dataSource-2} inited
2019-07-23 11:37:56 | [34mINFO [0;39m | [1;33mThread-15[0;39m | [1;32morg.springframework.scheduling.concurrent.ThreadPoolTaskExecutor[0;39m | Shutting down ExecutorService 'applicationTaskExecutor'
2019-07-23 11:37:56 | [34mINFO [0;39m | [1;33mThread-15[0;39m | [1;32mcom.alibaba.druid.pool.DruidDataSource[0;39m | {dataSource-2} closing ...
2019-07-23 11:37:56 | [34mINFO [0;39m | [1;33mThread-15[0;39m | [1;32mcom.alibaba.druid.pool.DruidDataSource[0;39m | {dataSource-2} closed
2019-07-23 11:38:01 | [34mINFO [0;39m | [1;33mrestartedMain[0;39m | [1;32mcom.zyx.Demo1Application[0;39m | Starting Demo1Application on zhangyuexu with PID 1374 (/Users/xueqiu/Downloads/demo1/target/classes started by xueqiu in /Users/xueqiu/Downloads/demo1)
2019-07-23 11:38:01 | [34mINFO [0;39m | [1;33mrestartedMain[0;39m | [1;32mcom.zyx.Demo1Application[0;39m | The following profiles are active: myapplication.yaml
2019-07-23 11:38:01 | [34mINFO [0;39m | [1;33mrestartedMain[0;39m | [1;32morg.springframework.boot.devtools.env.DevToolsPropertyDefaultsPostProcessor[0;39m | Devtools property defaults active! Set 'spring.devtools.add-properties' to 'false' to disable
2019-07-23 11:38:01 | [34mINFO [0;39m | [1;33mrestartedMain[0;39m | [1;32morg.springframework.boot.devtools.env.DevToolsPropertyDefaultsPostProcessor[0;39m | For additional web related logging consider setting the 'logging.level.web' property to 'DEBUG'
2019-07-23 11:38:02 | [34mINFO [0;39m | [1;33mrestartedMain[0;39m | [1;32morg.springframework.data.repository.config.RepositoryConfigurationDelegate[0;39m | Multiple Spring Data modules found, entering strict repository configuration mode!
2019-07-23 11:38:02 | [34mINFO [0;39m | [1;33mrestartedMain[0;39m | [1;32morg.springframework.data.repository.config.RepositoryConfigurationDelegate[0;39m | Bootstrapping Spring Data repositories in DEFAULT mode.
2019-07-23 11:38:03 | [34mINFO [0;39m | [1;33mrestartedMain[0;39m | [1;32morg.springframework.data.repository.config.RepositoryConfigurationDelegate[0;39m | Finished Spring Data repository scanning in 29ms. Found 0 repository interfaces.
2019-07-23 11:38:03 | [34mINFO [0;39m | [1;33mrestartedMain[0;39m | [1;32morg.springframework.context.support.PostProcessorRegistrationDelegate$BeanPostProcessorChecker[0;39m | Bean 'redisConfig' of type [com.zyx.util.redis.RedisConfig$$EnhancerBySpringCGLIB$$783cc66a] is not eligible for getting processed by all BeanPostProcessors (for example: not eligible for auto-proxying)
2019-07-23 11:38:03 | [34mINFO [0;39m | [1;33mrestartedMain[0;39m | [1;32morg.springframework.context.support.PostProcessorRegistrationDelegate$BeanPostProcessorChecker[0;39m | Bean 'org.springframework.transaction.annotation.ProxyTransactionManagementConfiguration' of type [org.springframework.transaction.annotation.ProxyTransactionManagementConfiguration$$EnhancerBySpringCGLIB$$b092065] is not eligible for getting processed by all BeanPostProcessors (for example: not eligible for auto-proxying)
2019-07-23 11:38:04 | [34mINFO [0;39m | [1;33mrestartedMain[0;39m | [1;32morg.springframework.boot.web.embedded.tomcat.TomcatWebServer[0;39m | Tomcat initialized with port(s): 9090 (http)
2019-07-23 11:38:04 | [34mINFO [0;39m | [1;33mrestartedMain[0;39m | [1;32morg.apache.coyote.http11.Http11NioProtocol[0;39m | Initializing ProtocolHandler ["http-nio-9090"]
2019-07-23 11:38:04 | [34mINFO [0;39m | [1;33mrestartedMain[0;39m | [1;32morg.apache.catalina.core.StandardService[0;39m | Starting service [Tomcat]
2019-07-23 11:38:04 | [34mINFO [0;39m | [1;33mrestartedMain[0;39m | [1;32morg.apache.catalina.core.StandardEngine[0;39m | Starting Servlet engine: [Apache Tomcat/9.0.21]
2019-07-23 11:38:04 | [34mINFO [0;39m | [1;33mrestartedMain[0;39m | [1;32morg.apache.catalina.core.ContainerBase.[Tomcat].[localhost].[/project1][0;39m | Initializing Spring embedded WebApplicationContext
2019-07-23 11:38:04 | [34mINFO [0;39m | [1;33mrestartedMain[0;39m | [1;32morg.springframework.web.context.ContextLoader[0;39m | Root WebApplicationContext: initialization completed in 2545 ms
2019-07-23 11:38:05 | [34mINFO [0;39m | [1;33mrestartedMain[0;39m | [1;32mcom.zyx.util.redis.RedisConfig[0;39m | 自定义RedisCacheManager加载完成
2019-07-23 11:38:05 | [34mINFO [0;39m | [1;33mrestartedMain[0;39m | [1;32morg.springframework.scheduling.concurrent.ThreadPoolTaskExecutor[0;39m | Initializing ExecutorService 'applicationTaskExecutor'
2019-07-23 11:38:06 | [34mINFO [0;39m | [1;33mrestartedMain[0;39m | [1;32morg.springframework.boot.devtools.autoconfigure.OptionalLiveReloadServer[0;39m | LiveReload server is running on port 35729
2019-07-23 11:38:06 | [34mINFO [0;39m | [1;33mrestartedMain[0;39m | [1;32morg.apache.coyote.http11.Http11NioProtocol[0;39m | Starting ProtocolHandler ["http-nio-9090"]
2019-07-23 11:38:06 | [34mINFO [0;39m | [1;33mrestartedMain[0;39m | [1;32morg.springframework.boot.web.embedded.tomcat.TomcatWebServer[0;39m | Tomcat started on port(s): 9090 (http) with context path '/project1'
2019-07-23 11:38:06 | [34mINFO [0;39m | [1;33mrestartedMain[0;39m | [1;32mcom.zyx.Demo1Application[0;39m | Started Demo1Application in 5.952 seconds (JVM running for 6.541)
2019-07-23 11:38:13 | [34mINFO [0;39m | [1;33mhttp-nio-9090-exec-1[0;39m | [1;32morg.apache.catalina.core.ContainerBase.[Tomcat].[localhost].[/project1][0;39m | Initializing Spring DispatcherServlet 'dispatcherServlet'
2019-07-23 11:38:13 | [34mINFO [0;39m | [1;33mhttp-nio-9090-exec-1[0;39m | [1;32morg.springframework.web.servlet.DispatcherServlet[0;39m | Initializing Servlet 'dispatcherServlet'
2019-07-23 11:38:13 | [34mINFO [0;39m | [1;33mhttp-nio-9090-exec-1[0;39m | [1;32morg.springframework.web.servlet.DispatcherServlet[0;39m | Completed initialization in 8 ms
2019-07-23 11:38:13 | [34mINFO [0;39m | [1;33mhttp-nio-9090-exec-1[0;39m | [1;32mio.lettuce.core.EpollProvider[0;39m | Starting without optional epoll library
2019-07-23 11:38:13 | [34mINFO [0;39m | [1;33mhttp-nio-9090-exec-1[0;39m | [1;32mio.lettuce.core.KqueueProvider[0;39m | Starting without optional kqueue library
2019-07-23 11:38:13 | [34mINFO [0;39m | [1;33mhttp-nio-9090-exec-1[0;39m | [1;32mcom.alibaba.druid.pool.DruidDataSource[0;39m | {dataSource-1} inited
2019-07-23 11:40:05 | [34mINFO [0;39m | [1;33mThread-9[0;39m | [1;32morg.springframework.scheduling.concurrent.ThreadPoolTaskExecutor[0;39m | Shutting down ExecutorService 'applicationTaskExecutor'
2019-07-23 11:40:05 | [34mINFO [0;39m | [1;33mThread-9[0;39m | [1;32mcom.alibaba.druid.pool.DruidDataSource[0;39m | {dataSource-1} closing ...
2019-07-23 11:40:05 | [34mINFO [0;39m | [1;33mThread-9[0;39m | [1;32mcom.alibaba.druid.pool.DruidDataSource[0;39m | {dataSource-1} closed
2019-07-23 13:34:19 | [34mINFO [0;39m | [1;33mrestartedMain[0;39m | [1;32mcom.zyx.Demo1Application[0;39m | Starting Demo1Application on zhangyuexu with PID 1437 (/Users/xueqiu/Downloads/demo1/target/classes started by xueqiu in /Users/xueqiu/Downloads/demo1)
2019-07-23 13:34:19 | [34mINFO [0;39m | [1;33mrestartedMain[0;39m | [1;32mcom.zyx.Demo1Application[0;39m | The following profiles are active: myapplication.yaml
2019-07-23 13:34:19 | [34mINFO [0;39m | [1;33mrestartedMain[0;39m | [1;32morg.springframework.boot.devtools.env.DevToolsPropertyDefaultsPostProcessor[0;39m | Devtools property defaults active! Set 'spring.devtools.add-properties' to 'false' to disable
2019-07-23 13:34:19 | [34mINFO [0;39m | [1;33mrestartedMain[0;39m | [1;32morg.springframework.boot.devtools.env.DevToolsPropertyDefaultsPostProcessor[0;39m | For additional web related logging consider setting the 'logging.level.web' property to 'DEBUG'
2019-07-23 13:34:20 | [34mINFO [0;39m | [1;33mrestartedMain[0;39m | [1;32morg.springframework.data.repository.config.RepositoryConfigurationDelegate[0;39m | Multiple Spring Data modules found, entering strict repository configuration mode!
2019-07-23 13:34:20 | [34mINFO [0;39m | [1;33mrestartedMain[0;39m | [1;32morg.springframework.data.repository.config.RepositoryConfigurationDelegate[0;39m | Bootstrapping Spring Data repositories in DEFAULT mode.
2019-07-23 13:34:20 | [34mINFO [0;39m | [1;33mrestartedMain[0;39m | [1;32morg.springframework.data.repository.config.RepositoryConfigurationDelegate[0;39m | Finished Spring Data repository scanning in 19ms. Found 0 repository interfaces.
2019-07-23 13:34:20 | [34mINFO [0;39m | [1;33mrestartedMain[0;39m | [1;32morg.springframework.context.support.PostProcessorRegistrationDelegate$BeanPostProcessorChecker[0;39m | Bean 'redisConfig' of type [com.zyx.util.redis.RedisConfig$$EnhancerBySpringCGLIB$$ce25fa77] is not eligible for getting processed by all BeanPostProcessors (for example: not eligible for auto-proxying)
2019-07-23 13:34:20 | [34mINFO [0;39m | [1;33mrestartedMain[0;39m | [1;32morg.springframework.context.support.PostProcessorRegistrationDelegate$BeanPostProcessorChecker[0;39m | Bean 'org.springframework.transaction.annotation.ProxyTransactionManagementConfiguration' of type [org.springframework.transaction.annotation.ProxyTransactionManagementConfiguration$$EnhancerBySpringCGLIB$$60f25472] is not eligible for getting processed by all BeanPostProcessors (for example: not eligible for auto-proxying)
2019-07-23 13:34:21 | [34mINFO [0;39m | [1;33mrestartedMain[0;39m | [1;32morg.springframework.boot.web.embedded.tomcat.TomcatWebServer[0;39m | Tomcat initialized with port(s): 9090 (http)
2019-07-23 13:34:21 | [34mINFO [0;39m | [1;33mrestartedMain[0;39m | [1;32morg.apache.coyote.http11.Http11NioProtocol[0;39m | Initializing ProtocolHandler ["http-nio-9090"]
2019-07-23 13:34:21 | [34mINFO [0;39m | [1;33mrestartedMain[0;39m | [1;32morg.apache.catalina.core.StandardService[0;39m | Starting service [Tomcat]
2019-07-23 13:34:21 | [34mINFO [0;39m | [1;33mrestartedMain[0;39m | [1;32morg.apache.catalina.core.StandardEngine[0;39m | Starting Servlet engine: [Apache Tomcat/9.0.21]
2019-07-23 13:34:21 | [34mINFO [0;39m | [1;33mrestartedMain[0;39m | [1;32morg.apache.catalina.core.ContainerBase.[Tomcat].[localhost].[/project1][0;39m | Initializing Spring embedded WebApplicationContext
2019-07-23 13:34:21 | [34mINFO [0;39m | [1;33mrestartedMain[0;39m | [1;32morg.springframework.web.context.ContextLoader[0;39m | Root WebApplicationContext: initialization completed in 1776 ms
2019-07-23 13:34:22 | [34mINFO [0;39m | [1;33mrestartedMain[0;39m | [1;32mcom.zyx.util.redis.RedisConfig[0;39m | 自定义RedisCacheManager加载完成
2019-07-23 13:34:22 | [34mINFO [0;39m | [1;33mrestartedMain[0;39m | [1;32morg.springframework.scheduling.concurrent.ThreadPoolTaskExecutor[0;39m | Initializing ExecutorService 'applicationTaskExecutor'
2019-07-23 13:34:23 | [34mINFO [0;39m | [1;33mrestartedMain[0;39m | [1;32morg.springframework.boot.devtools.autoconfigure.OptionalLiveReloadServer[0;39m | LiveReload server is running on port 35729
2019-07-23 13:34:23 | [34mINFO [0;39m | [1;33mrestartedMain[0;39m | [1;32morg.apache.coyote.http11.Http11NioProtocol[0;39m | Starting ProtocolHandler ["http-nio-9090"]
2019-07-23 13:34:23 | [34mINFO [0;39m | [1;33mrestartedMain[0;39m | [1;32morg.springframework.boot.web.embedded.tomcat.TomcatWebServer[0;39m | Tomcat started on port(s): 9090 (http) with context path '/project1'
2019-07-23 13:34:23 | [34mINFO [0;39m | [1;33mrestartedMain[0;39m | [1;32mcom.zyx.Demo1Application[0;39m | Started Demo1Application in 5.396 seconds (JVM running for 5.991)
2019-07-23 13:34:36 | [34mINFO [0;39m | [1;33mhttp-nio-9090-exec-1[0;39m | [1;32morg.apache.catalina.core.ContainerBase.[Tomcat].[localhost].[/project1][0;39m | Initializing Spring DispatcherServlet 'dispatcherServlet'
2019-07-23 13:34:36 | [34mINFO [0;39m | [1;33mhttp-nio-9090-exec-1[0;39m | [1;32morg.springframework.web.servlet.DispatcherServlet[0;39m | Initializing Servlet 'dispatcherServlet'
2019-07-23 13:34:36 | [34mINFO [0;39m | [1;33mhttp-nio-9090-exec-1[0;39m | [1;32morg.springframework.web.servlet.DispatcherServlet[0;39m | Completed initialization in 12 ms
2019-07-23 13:34:36 | [34mINFO [0;39m | [1;33mhttp-nio-9090-exec-1[0;39m | [1;32mio.lettuce.core.EpollProvider[0;39m | Starting without optional epoll library
2019-07-23 13:34:36 | [34mINFO [0;39m | [1;33mhttp-nio-9090-exec-1[0;39m | [1;32mio.lettuce.core.KqueueProvider[0;39m | Starting without optional kqueue library
2019-07-23 13:34:36 | [34mINFO [0;39m | [1;33mhttp-nio-9090-exec-1[0;39m | [1;32mcom.alibaba.druid.pool.DruidDataSource[0;39m | {dataSource-1} inited
2019-07-23 13:38:30 | [34mINFO [0;39m | [1;33mThread-6[0;39m | [1;32morg.springframework.scheduling.concurrent.ThreadPoolTaskExecutor[0;39m | Shutting down ExecutorService 'applicationTaskExecutor'
2019-07-23 13:38:30 | [34mINFO [0;39m | [1;33mThread-6[0;39m | [1;32mcom.alibaba.druid.pool.DruidDataSource[0;39m | {dataSource-1} closing ...
2019-07-23 13:38:30 | [34mINFO [0;39m | [1;33mThread-6[0;39m | [1;32mcom.alibaba.druid.pool.DruidDataSource[0;39m | {dataSource-1} closed
2019-07-23 13:38:33 | [34mINFO [0;39m | [1;33mrestartedMain[0;39m | [1;32mcom.zyx.Demo1Application[0;39m | Starting Demo1Application on zhangyuexu with PID 1437 (/Users/xueqiu/Downloads/demo1/target/classes started by xueqiu in /Users/xueqiu/Downloads/demo1)
2019-07-23 13:38:33 | [34mINFO [0;39m | [1;33mrestartedMain[0;39m | [1;32mcom.zyx.Demo1Application[0;39m | The following profiles are active: myapplication.yaml
2019-07-23 13:38:33 | [34mINFO [0;39m | [1;33mrestartedMain[0;39m | [1;32morg.springframework.data.repository.config.RepositoryConfigurationDelegate[0;39m | Multiple Spring Data modules found, entering strict repository configuration mode!
2019-07-23 13:38:33 | [34mINFO [0;39m | [1;33mrestartedMain[0;39m | [1;32morg.springframework.data.repository.config.RepositoryConfigurationDelegate[0;39m | Bootstrapping Spring Data repositories in DEFAULT mode.
2019-07-23 13:38:33 | [34mINFO [0;39m | [1;33mrestartedMain[0;39m | [1;32morg.springframework.data.repository.config.RepositoryConfigurationDelegate[0;39m | Finished Spring Data repository scanning in 11ms. Found 0 repository interfaces.
2019-07-23 13:38:33 | [34mINFO [0;39m | [1;33mrestartedMain[0;39m | [1;32morg.springframework.context.support.PostProcessorRegistrationDelegate$BeanPostProcessorChecker[0;39m | Bean 'redisConfig' of type [com.zyx.util.redis.RedisConfig$$EnhancerBySpringCGLIB$$ce25fa77] is not eligible for getting processed by all BeanPostProcessors (for example: not eligible for auto-proxying)
2019-07-23 13:38:33 | [34mINFO [0;39m | [1;33mrestartedMain[0;39m | [1;32morg.springframework.context.support.PostProcessorRegistrationDelegate$BeanPostProcessorChecker[0;39m | Bean 'org.springframework.transaction.annotation.ProxyTransactionManagementConfiguration' of type [org.springframework.transaction.annotation.ProxyTransactionManagementConfiguration$$EnhancerBySpringCGLIB$$60f25472] is not eligible for getting processed by all BeanPostProcessors (for example: not eligible for auto-proxying)
2019-07-23 13:38:33 | [34mINFO [0;39m | [1;33mrestartedMain[0;39m | [1;32morg.springframework.boot.web.embedded.tomcat.TomcatWebServer[0;39m | Tomcat initialized with port(s): 9090 (http)
2019-07-23 13:38:33 | [34mINFO [0;39m | [1;33mrestartedMain[0;39m | [1;32morg.apache.coyote.http11.Http11NioProtocol[0;39m | Initializing ProtocolHandler ["http-nio-9090"]
2019-07-23 13:38:33 | [34mINFO [0;39m | [1;33mrestartedMain[0;39m | [1;32morg.apache.catalina.core.StandardService[0;39m | Starting service [Tomcat]
2019-07-23 13:38:33 | [34mINFO [0;39m | [1;33mrestartedMain[0;39m | [1;32morg.apache.catalina.core.StandardEngine[0;39m | Starting Servlet engine: [Apache Tomcat/9.0.21]
2019-07-23 13:38:33 | [34mINFO [0;39m | [1;33mrestartedMain[0;39m | [1;32morg.apache.catalina.core.ContainerBase.[Tomcat].[localhost].[/project1][0;39m | Initializing Spring embedded WebApplicationContext
2019-07-23 13:38:33 | [34mINFO [0;39m | [1;33mrestartedMain[0;39m | [1;32morg.springframework.web.context.ContextLoader[0;39m | Root WebApplicationContext: initialization completed in 352 ms
2019-07-23 13:38:33 | [34mINFO [0;39m | [1;33mrestartedMain[0;39m | [1;32mcom.zyx.util.redis.RedisConfig[0;39m | 自定义RedisCacheManager加载完成
2019-07-23 13:38:33 | [34mINFO [0;39m | [1;33mrestartedMain[0;39m | [1;32morg.springframework.scheduling.concurrent.ThreadPoolTaskExecutor[0;39m | Initializing ExecutorService 'applicationTaskExecutor'
2019-07-23 13:38:33 | [34mINFO [0;39m | [1;33mrestartedMain[0;39m | [1;32morg.springframework.boot.devtools.autoconfigure.OptionalLiveReloadServer[0;39m | LiveReload server is running on port 35729
2019-07-23 13:38:33 | [34mINFO [0;39m | [1;33mrestartedMain[0;39m | [1;32morg.apache.coyote.http11.Http11NioProtocol[0;39m | Starting ProtocolHandler ["http-nio-9090"]
2019-07-23 13:38:33 | [34mINFO [0;39m | [1;33mrestartedMain[0;39m | [1;32morg.springframework.boot.web.embedded.tomcat.TomcatWebServer[0;39m | Tomcat started on port(s): 9090 (http) with context path '/project1'
2019-07-23 13:38:33 | [34mINFO [0;39m | [1;33mrestartedMain[0;39m | [1;32mcom.zyx.Demo1Application[0;39m | Started Demo1Application in 1.756 seconds (JVM running for 256.512)
2019-07-23 13:38:33 | [34mINFO [0;39m | [1;33mrestartedMain[0;39m | [1;32morg.springframework.boot.devtools.autoconfigure.ConditionEvaluationDeltaLoggingListener[0;39m | Condition evaluation unchanged
2019-07-23 13:38:39 | [34mINFO [0;39m | [1;33mhttp-nio-9090-exec-1[0;39m | [1;32morg.apache.catalina.core.ContainerBase.[Tomcat].[localhost].[/project1][0;39m | Initializing Spring DispatcherServlet 'dispatcherServlet'
2019-07-23 13:38:39 | [34mINFO [0;39m | [1;33mhttp-nio-9090-exec-1[0;39m | [1;32morg.springframework.web.servlet.DispatcherServlet[0;39m | Initializing Servlet 'dispatcherServlet'
2019-07-23 13:38:39 | [34mINFO [0;39m | [1;33mhttp-nio-9090-exec-1[0;39m | [1;32morg.springframework.web.servlet.DispatcherServlet[0;39m | Completed initialization in 3 ms
2019-07-23 13:38:39 | [34mINFO [0;39m | [1;33mhttp-nio-9090-exec-1[0;39m | [1;32mcom.alibaba.druid.pool.DruidDataSource[0;39m | {dataSource-2} inited
2019-07-23 13:39:39 | [34mINFO [0;39m | [1;33mThread-15[0;39m | [1;32morg.springframework.scheduling.concurrent.ThreadPoolTaskExecutor[0;39m | Shutting down ExecutorService 'applicationTaskExecutor'
2019-07-23 13:39:39 | [34mINFO [0;39m | [1;33mThread-15[0;39m | [1;32mcom.alibaba.druid.pool.DruidDataSource[0;39m | {dataSource-2} closing ...
2019-07-23 13:39:39 | [34mINFO [0;39m | [1;33mThread-15[0;39m | [1;32mcom.alibaba.druid.pool.DruidDataSource[0;39m | {dataSource-2} closed
2019-07-23 13:47:20 | [34mINFO [0;39m | [1;33mrestartedMain[0;39m | [1;32mcom.zyx.Demo1Application[0;39m | Starting Demo1Application on zhangyuexu with PID 1460 (/Users/xueqiu/Downloads/demo1/target/classes started by xueqiu in /Users/xueqiu/Downloads/demo1)
2019-07-23 13:47:20 | [34mINFO [0;39m | [1;33mrestartedMain[0;39m | [1;32mcom.zyx.Demo1Application[0;39m | The following profiles are active: myapplication.yaml
2019-07-23 13:47:20 | [34mINFO [0;39m | [1;33mrestartedMain[0;39m | [1;32morg.springframework.boot.devtools.env.DevToolsPropertyDefaultsPostProcessor[0;39m | Devtools property defaults active! Set 'spring.devtools.add-properties' to 'false' to disable
2019-07-23 13:47:20 | [34mINFO [0;39m | [1;33mrestartedMain[0;39m | [1;32morg.springframework.boot.devtools.env.DevToolsPropertyDefaultsPostProcessor[0;39m | For additional web related logging consider setting the 'logging.level.web' property to 'DEBUG'
2019-07-23 13:47:21 | [34mINFO [0;39m | [1;33mrestartedMain[0;39m | [1;32morg.springframework.data.repository.config.RepositoryConfigurationDelegate[0;39m | Multiple Spring Data modules found, entering strict repository configuration mode!
2019-07-23 13:47:21 | [34mINFO [0;39m | [1;33mrestartedMain[0;39m | [1;32morg.springframework.data.repository.config.RepositoryConfigurationDelegate[0;39m | Bootstrapping Spring Data repositories in DEFAULT mode.
2019-07-23 13:47:21 | [34mINFO [0;39m | [1;33mrestartedMain[0;39m | [1;32morg.springframework.data.repository.config.RepositoryConfigurationDelegate[0;39m | Finished Spring Data repository scanning in 20ms. Found 0 repository interfaces.
2019-07-23 13:47:22 | [34mINFO [0;39m | [1;33mrestartedMain[0;39m | [1;32morg.springframework.context.support.PostProcessorRegistrationDelegate$BeanPostProcessorChecker[0;39m | Bean 'redisConfig' of type [com.zyx.util.redis.RedisConfig$$EnhancerBySpringCGLIB$$ffc7446d] is not eligible for getting processed by all BeanPostProcessors (for example: not eligible for auto-proxying)
2019-07-23 13:47:22 | [34mINFO [0;39m | [1;33mrestartedMain[0;39m | [1;32morg.springframework.context.support.PostProcessorRegistrationDelegate$BeanPostProcessorChecker[0;39m | Bean 'org.springframework.transaction.annotation.ProxyTransactionManagementConfiguration' of type [org.springframework.transaction.annotation.ProxyTransactionManagementConfiguration$$EnhancerBySpringCGLIB$$92939e68] is not eligible for getting processed by all BeanPostProcessors (for example: not eligible for auto-proxying)
2019-07-23 13:47:22 | [34mINFO [0;39m | [1;33mrestartedMain[0;39m | [1;32morg.springframework.boot.web.embedded.tomcat.TomcatWebServer[0;39m | Tomcat initialized with port(s): 9090 (http)
2019-07-23 13:47:22 | [34mINFO [0;39m | [1;33mrestartedMain[0;39m | [1;32morg.apache.coyote.http11.Http11NioProtocol[0;39m | Initializing ProtocolHandler ["http-nio-9090"]
2019-07-23 13:47:22 | [34mINFO [0;39m | [1;33mrestartedMain[0;39m | [1;32morg.apache.catalina.core.StandardService[0;39m | Starting service [Tomcat]
2019-07-23 13:47:22 | [34mINFO [0;39m | [1;33mrestartedMain[0;39m | [1;32morg.apache.catalina.core.StandardEngine[0;39m | Starting Servlet engine: [Apache Tomcat/9.0.21]
2019-07-23 13:47:23 | [34mINFO [0;39m | [1;33mrestartedMain[0;39m | [1;32morg.apache.catalina.core.ContainerBase.[Tomcat].[localhost].[/project1][0;39m | Initializing Spring embedded WebApplicationContext
2019-07-23 13:47:23 | [34mINFO [0;39m | [1;33mrestartedMain[0;39m | [1;32morg.springframework.web.context.ContextLoader[0;39m | Root WebApplicationContext: initialization completed in 2182 ms
2019-07-23 13:47:23 | [34mINFO [0;39m | [1;33mrestartedMain[0;39m | [1;32mcom.zyx.util.redis.RedisConfig[0;39m | 自定义RedisCacheManager加载完成
2019-07-23 13:47:24 | [34mINFO [0;39m | [1;33mrestartedMain[0;39m | [1;32morg.springframework.scheduling.concurrent.ThreadPoolTaskExecutor[0;39m | Initializing ExecutorService 'applicationTaskExecutor'
2019-07-23 13:47:24 | [34mINFO [0;39m | [1;33mrestartedMain[0;39m | [1;32morg.springframework.boot.devtools.autoconfigure.OptionalLiveReloadServer[0;39m | LiveReload server is running on port 35729
2019-07-23 13:47:24 | [34mINFO [0;39m | [1;33mrestartedMain[0;39m | [1;32morg.apache.coyote.http11.Http11NioProtocol[0;39m | Starting ProtocolHandler ["http-nio-9090"]
2019-07-23 13:47:24 | [34mINFO [0;39m | [1;33mrestartedMain[0;39m | [1;32morg.springframework.boot.web.embedded.tomcat.TomcatWebServer[0;39m | Tomcat started on port(s): 9090 (http) with context path '/project1'
2019-07-23 13:47:24 | [34mINFO [0;39m | [1;33mrestartedMain[0;39m | [1;32mcom.zyx.Demo1Application[0;39m | Started Demo1Application in 5.482 seconds (JVM running for 6.035)
2019-07-23 13:47:45 | [34mINFO [0;39m | [1;33mhttp-nio-9090-exec-1[0;39m | [1;32morg.apache.catalina.core.ContainerBase.[Tomcat].[localhost].[/project1][0;39m | Initializing Spring DispatcherServlet 'dispatcherServlet'
2019-07-23 13:47:45 | [34mINFO [0;39m | [1;33mhttp-nio-9090-exec-1[0;39m | [1;32morg.springframework.web.servlet.DispatcherServlet[0;39m | Initializing Servlet 'dispatcherServlet'
2019-07-23 13:47:45 | [34mINFO [0;39m | [1;33mhttp-nio-9090-exec-1[0;39m | [1;32morg.springframework.web.servlet.DispatcherServlet[0;39m | Completed initialization in 7 ms
2019-07-23 13:47:45 | [34mINFO [0;39m | [1;33mhttp-nio-9090-exec-1[0;39m | [1;32mio.lettuce.core.EpollProvider[0;39m | Starting without optional epoll library
2019-07-23 13:47:45 | [34mINFO [0;39m | [1;33mhttp-nio-9090-exec-1[0;39m | [1;32mio.lettuce.core.KqueueProvider[0;39m | Starting without optional kqueue library
2019-07-23 13:47:45 | [34mINFO [0;39m | [1;33mhttp-nio-9090-exec-1[0;39m | [1;32mcom.alibaba.druid.pool.DruidDataSource[0;39m | {dataSource-1} inited
2019-07-23 13:48:50 | [34mINFO [0;39m | [1;33mThread-6[0;39m | [1;32morg.springframework.scheduling.concurrent.ThreadPoolTaskExecutor[0;39m | Shutting down ExecutorService 'applicationTaskExecutor'
2019-07-23 13:48:50 | [34mINFO [0;39m | [1;33mThread-6[0;39m | [1;32mcom.alibaba.druid.pool.DruidDataSource[0;39m | {dataSource-1} closing ...
2019-07-23 13:48:50 | [34mINFO [0;39m | [1;33mThread-6[0;39m | [1;32mcom.alibaba.druid.pool.DruidDataSource[0;39m | {dataSource-1} closed
2019-07-23 13:48:53 | [34mINFO [0;39m | [1;33mrestartedMain[0;39m | [1;32mcom.zyx.Demo1Application[0;39m | Starting Demo1Application on zhangyuexu with PID 1460 (/Users/xueqiu/Downloads/demo1/target/classes started by xueqiu in /Users/xueqiu/Downloads/demo1)
2019-07-23 13:48:53 | [34mINFO [0;39m | [1;33mrestartedMain[0;39m | [1;32mcom.zyx.Demo1Application[0;39m | The following profiles are active: myapplication.yaml
2019-07-23 13:48:53 | [34mINFO [0;39m | [1;33mrestartedMain[0;39m | [1;32morg.springframework.data.repository.config.RepositoryConfigurationDelegate[0;39m | Multiple Spring Data modules found, entering strict repository configuration mode!
2019-07-23 13:48:53 | [34mINFO [0;39m | [1;33mrestartedMain[0;39m | [1;32morg.springframework.data.repository.config.RepositoryConfigurationDelegate[0;39m | Bootstrapping Spring Data repositories in DEFAULT mode.
2019-07-23 13:48:53 | [34mINFO [0;39m | [1;33mrestartedMain[0;39m | [1;32morg.springframework.data.repository.config.RepositoryConfigurationDelegate[0;39m | Finished Spring Data repository scanning in 7ms. Found 0 repository interfaces.
2019-07-23 13:48:53 | [34mINFO [0;39m | [1;33mrestartedMain[0;39m | [1;32morg.springframework.context.support.PostProcessorRegistrationDelegate$BeanPostProcessorChecker[0;39m | Bean 'redisConfig' of type [com.zyx.util.redis.RedisConfig$$EnhancerBySpringCGLIB$$ffc7446d] is not eligible for getting processed by all BeanPostProcessors (for example: not eligible for auto-proxying)
2019-07-23 13:48:53 | [34mINFO [0;39m | [1;33mrestartedMain[0;39m | [1;32morg.springframework.context.support.PostProcessorRegistrationDelegate$BeanPostProcessorChecker[0;39m | Bean 'org.springframework.transaction.annotation.ProxyTransactionManagementConfiguration' of type [org.springframework.transaction.annotation.ProxyTransactionManagementConfiguration$$EnhancerBySpringCGLIB$$92939e68] is not eligible for getting processed by all BeanPostProcessors (for example: not eligible for auto-proxying)
2019-07-23 13:48:53 | [34mINFO [0;39m | [1;33mrestartedMain[0;39m | [1;32morg.springframework.boot.web.embedded.tomcat.TomcatWebServer[0;39m | Tomcat initialized with port(s): 9090 (http)
2019-07-23 13:48:53 | [34mINFO [0;39m | [1;33mrestartedMain[0;39m | [1;32morg.apache.coyote.http11.Http11NioProtocol[0;39m | Initializing ProtocolHandler ["http-nio-9090"]
2019-07-23 13:48:53 | [34mINFO [0;39m | [1;33mrestartedMain[0;39m | [1;32morg.apache.catalina.core.StandardService[0;39m | Starting service [Tomcat]
2019-07-23 13:48:53 | [34mINFO [0;39m | [1;33mrestartedMain[0;39m | [1;32morg.apache.catalina.core.StandardEngine[0;39m | Starting Servlet engine: [Apache Tomcat/9.0.21]
2019-07-23 13:48:53 | [34mINFO [0;39m | [1;33mrestartedMain[0;39m | [1;32morg.apache.catalina.core.ContainerBase.[Tomcat].[localhost].[/project1][0;39m | Initializing Spring embedded WebApplicationContext
2019-07-23 13:48:53 | [34mINFO [0;39m | [1;33mrestartedMain[0;39m | [1;32morg.springframework.web.context.ContextLoader[0;39m | Root WebApplicationContext: initialization completed in 378 ms
2019-07-23 13:48:53 | [34mINFO [0;39m | [1;33mrestartedMain[0;39m | [1;32mcom.zyx.util.redis.RedisConfig[0;39m | 自定义RedisCacheManager加载完成
2019-07-23 13:48:53 | [34mINFO [0;39m | [1;33mrestartedMain[0;39m | [1;32morg.springframework.scheduling.concurrent.ThreadPoolTaskExecutor[0;39m | Initializing ExecutorService 'applicationTaskExecutor'
2019-07-23 13:48:53 | [34mINFO [0;39m | [1;33mrestartedMain[0;39m | [1;32morg.springframework.boot.devtools.autoconfigure.OptionalLiveReloadServer[0;39m | LiveReload server is running on port 35729
2019-07-23 13:48:53 | [34mINFO [0;39m | [1;33mrestartedMain[0;39m | [1;32morg.apache.coyote.http11.Http11NioProtocol[0;39m | Starting ProtocolHandler ["http-nio-9090"]
2019-07-23 13:48:53 | [34mINFO [0;39m | [1;33mrestartedMain[0;39m | [1;32morg.springframework.boot.web.embedded.tomcat.TomcatWebServer[0;39m | Tomcat started on port(s): 9090 (http) with context path '/project1'
2019-07-23 13:48:53 | [34mINFO [0;39m | [1;33mrestartedMain[0;39m | [1;32mcom.zyx.Demo1Application[0;39m | Started Demo1Application in 1.771 seconds (JVM running for 95.283)
2019-07-23 13:48:53 | [34mINFO [0;39m | [1;33mrestartedMain[0;39m | [1;32morg.springframework.boot.devtools.autoconfigure.ConditionEvaluationDeltaLoggingListener[0;39m | Condition evaluation unchanged
2019-07-23 13:49:00 | [34mINFO [0;39m | [1;33mhttp-nio-9090-exec-1[0;39m | [1;32morg.apache.catalina.core.ContainerBase.[Tomcat].[localhost].[/project1][0;39m | Initializing Spring DispatcherServlet 'dispatcherServlet'
2019-07-23 13:49:00 | [34mINFO [0;39m | [1;33mhttp-nio-9090-exec-1[0;39m | [1;32morg.springframework.web.servlet.DispatcherServlet[0;39m | Initializing Servlet 'dispatcherServlet'
2019-07-23 13:49:00 | [34mINFO [0;39m | [1;33mhttp-nio-9090-exec-1[0;39m | [1;32morg.springframework.web.servlet.DispatcherServlet[0;39m | Completed initialization in 6 ms
2019-07-23 13:49:10 | [34mINFO [0;39m | [1;33mhttp-nio-9090-exec-2[0;39m | [1;32mcom.alibaba.druid.pool.DruidDataSource[0;39m | {dataSource-2} inited
2019-07-23 13:52:04 | [34mINFO [0;39m | [1;33mThread-10[0;39m | [1;32morg.springframework.scheduling.concurrent.ThreadPoolTaskExecutor[0;39m | Shutting down ExecutorService 'applicationTaskExecutor'
2019-07-23 13:52:04 | [34mINFO [0;39m | [1;33mThread-10[0;39m | [1;32mcom.alibaba.druid.pool.DruidDataSource[0;39m | {dataSource-2} closing ...
2019-07-23 13:52:04 | [34mINFO [0;39m | [1;33mThread-10[0;39m | [1;32mcom.alibaba.druid.pool.DruidDataSource[0;39m | {dataSource-2} closed
2019-07-23 13:52:06 | [34mINFO [0;39m | [1;33mrestartedMain[0;39m | [1;32mcom.zyx.Demo1Application[0;39m | Starting Demo1Application on zhangyuexu with PID 1460 (/Users/xueqiu/Downloads/demo1/target/classes started by xueqiu in /Users/xueqiu/Downloads/demo1)
2019-07-23 13:52:06 | [34mINFO [0;39m | [1;33mrestartedMain[0;39m | [1;32mcom.zyx.Demo1Application[0;39m | The following profiles are active: myapplication.yaml
2019-07-23 13:52:06 | [34mINFO [0;39m | [1;33mrestartedMain[0;39m | [1;32morg.springframework.data.repository.config.RepositoryConfigurationDelegate[0;39m | Multiple Spring Data modules found, entering strict repository configuration mode!
2019-07-23 13:52:06 | [34mINFO [0;39m | [1;33mrestartedMain[0;39m | [1;32morg.springframework.data.repository.config.RepositoryConfigurationDelegate[0;39m | Bootstrapping Spring Data repositories in DEFAULT mode.
2019-07-23 13:52:06 | [34mINFO [0;39m | [1;33mrestartedMain[0;39m | [1;32morg.springframework.data.repository.config.RepositoryConfigurationDelegate[0;39m | Finished Spring Data repository scanning in 5ms. Found 0 repository interfaces.
2019-07-23 13:52:06 | [34mINFO [0;39m | [1;33mrestartedMain[0;39m | [1;32morg.springframework.context.support.PostProcessorRegistrationDelegate$BeanPostProcessorChecker[0;39m | Bean 'redisConfig' of type [com.zyx.util.redis.RedisConfig$$EnhancerBySpringCGLIB$$ffc7446d] is not eligible for getting processed by all BeanPostProcessors (for example: not eligible for auto-proxying)
2019-07-23 13:52:06 | [34mINFO [0;39m | [1;33mrestartedMain[0;39m | [1;32morg.springframework.context.support.PostProcessorRegistrationDelegate$BeanPostProcessorChecker[0;39m | Bean 'org.springframework.transaction.annotation.ProxyTransactionManagementConfiguration' of type [org.springframework.transaction.annotation.ProxyTransactionManagementConfiguration$$EnhancerBySpringCGLIB$$92939e68] is not eligible for getting processed by all BeanPostProcessors (for example: not eligible for auto-proxying)
2019-07-23 13:52:06 | [34mINFO [0;39m | [1;33mrestartedMain[0;39m | [1;32morg.springframework.boot.web.embedded.tomcat.TomcatWebServer[0;39m | Tomcat initialized with port(s): 9090 (http)
2019-07-23 13:52:06 | [34mINFO [0;39m | [1;33mrestartedMain[0;39m | [1;32morg.apache.coyote.http11.Http11NioProtocol[0;39m | Initializing ProtocolHandler ["http-nio-9090"]
2019-07-23 13:52:06 | [34mINFO [0;39m | [1;33mrestartedMain[0;39m | [1;32morg.apache.catalina.core.StandardService[0;39m | Starting service [Tomcat]
2019-07-23 13:52:06 | [34mINFO [0;39m | [1;33mrestartedMain[0;39m | [1;32morg.apache.catalina.core.StandardEngine[0;39m | Starting Servlet engine: [Apache Tomcat/9.0.21]
2019-07-23 13:52:06 | [34mINFO [0;39m | [1;33mrestartedMain[0;39m | [1;32morg.apache.catalina.core.ContainerBase.[Tomcat].[localhost].[/project1][0;39m | Initializing Spring embedded WebApplicationContext
2019-07-23 13:52:06 | [34mINFO [0;39m | [1;33mrestartedMain[0;39m | [1;32morg.springframework.web.context.ContextLoader[0;39m | Root WebApplicationContext: initialization completed in 326 ms
2019-07-23 13:52:06 | [34mINFO [0;39m | [1;33mrestartedMain[0;39m | [1;32mcom.zyx.util.redis.RedisConfig[0;39m | 自定义RedisCacheManager加载完成
2019-07-23 13:52:06 | [34mINFO [0;39m | [1;33mrestartedMain[0;39m | [1;32morg.springframework.scheduling.concurrent.ThreadPoolTaskExecutor[0;39m | Initializing ExecutorService 'applicationTaskExecutor'
2019-07-23 13:52:07 | [34mINFO [0;39m | [1;33mrestartedMain[0;39m | [1;32morg.springframework.boot.devtools.autoconfigure.OptionalLiveReloadServer[0;39m | LiveReload server is running on port 35729
2019-07-23 13:52:07 | [34mINFO [0;39m | [1;33mrestartedMain[0;39m | [1;32morg.apache.coyote.http11.Http11NioProtocol[0;39m | Starting ProtocolHandler ["http-nio-9090"]
2019-07-23 13:52:07 | [34mINFO [0;39m | [1;33mrestartedMain[0;39m | [1;32morg.springframework.boot.web.embedded.tomcat.TomcatWebServer[0;39m | Tomcat started on port(s): 9090 (http) with context path '/project1'
2019-07-23 13:52:07 | [34mINFO [0;39m | [1;33mrestartedMain[0;39m | [1;32mcom.zyx.Demo1Application[0;39m | Started Demo1Application in 1.725 seconds (JVM running for 288.408)
2019-07-23 13:52:07 | [34mINFO [0;39m | [1;33mrestartedMain[0;39m | [1;32morg.springframework.boot.devtools.autoconfigure.ConditionEvaluationDeltaLoggingListener[0;39m | Condition evaluation unchanged
2019-07-23 13:52:14 | [34mINFO [0;39m | [1;33mhttp-nio-9090-exec-1[0;39m | [1;32morg.apache.catalina.core.ContainerBase.[Tomcat].[localhost].[/project1][0;39m | Initializing Spring DispatcherServlet 'dispatcherServlet'
2019-07-23 13:52:14 | [34mINFO [0;39m | [1;33mhttp-nio-9090-exec-1[0;39m | [1;32morg.springframework.web.servlet.DispatcherServlet[0;39m | Initializing Servlet 'dispatcherServlet'
2019-07-23 13:52:14 | [34mINFO [0;39m | [1;33mhttp-nio-9090-exec-1[0;39m | [1;32morg.springframework.web.servlet.DispatcherServlet[0;39m | Completed initialization in 10 ms
2019-07-23 13:52:14 | [34mINFO [0;39m | [1;33mhttp-nio-9090-exec-1[0;39m | [1;32mcom.alibaba.druid.pool.DruidDataSource[0;39m | {dataSource-3} inited
2019-07-23 13:54:51 | [34mINFO [0;39m | [1;33mThread-16[0;39m | [1;32morg.springframework.scheduling.concurrent.ThreadPoolTaskExecutor[0;39m | Shutting down ExecutorService 'applicationTaskExecutor'
2019-07-23 13:54:51 | [34mINFO [0;39m | [1;33mThread-16[0;39m | [1;32mcom.alibaba.druid.pool.DruidDataSource[0;39m | {dataSource-3} closing ...
2019-07-23 13:54:51 | [34mINFO [0;39m | [1;33mThread-16[0;39m | [1;32mcom.alibaba.druid.pool.DruidDataSource[0;39m | {dataSource-3} closed
2019-07-23 13:54:54 | [34mINFO [0;39m | [1;33mrestartedMain[0;39m | [1;32mcom.zyx.Demo1Application[0;39m | Starting Demo1Application on zhangyuexu with PID 1460 (/Users/xueqiu/Downloads/demo1/target/classes started by xueqiu in /Users/xueqiu/Downloads/demo1)
2019-07-23 13:54:54 | [34mINFO [0;39m | [1;33mrestartedMain[0;39m | [1;32mcom.zyx.Demo1Application[0;39m | The following profiles are active: myapplication.yaml
2019-07-23 13:54:54 | [34mINFO [0;39m | [1;33mrestartedMain[0;39m | [1;32morg.springframework.data.repository.config.RepositoryConfigurationDelegate[0;39m | Multiple Spring Data modules found, entering strict repository configuration mode!
2019-07-23 13:54:54 | [34mINFO [0;39m | [1;33mrestartedMain[0;39m | [1;32morg.springframework.data.repository.config.RepositoryConfigurationDelegate[0;39m | Bootstrapping Spring Data repositories in DEFAULT mode.
2019-07-23 13:54:54 | [34mINFO [0;39m | [1;33mrestartedMain[0;39m | [1;32morg.springframework.data.repository.config.RepositoryConfigurationDelegate[0;39m | Finished Spring Data repository scanning in 5ms. Found 0 repository interfaces.
2019-07-23 13:54:54 | [34mINFO [0;39m | [1;33mrestartedMain[0;39m | [1;32morg.springframework.context.support.PostProcessorRegistrationDelegate$BeanPostProcessorChecker[0;39m | Bean 'redisConfig' of type [com.zyx.util.redis.RedisConfig$$EnhancerBySpringCGLIB$$ffc7446d] is not eligible for getting processed by all BeanPostProcessors (for example: not eligible for auto-proxying)
2019-07-23 13:54:54 | [34mINFO [0;39m | [1;33mrestartedMain[0;39m | [1;32morg.springframework.context.support.PostProcessorRegistrationDelegate$BeanPostProcessorChecker[0;39m | Bean 'org.springframework.transaction.annotation.ProxyTransactionManagementConfiguration' of type [org.springframework.transaction.annotation.ProxyTransactionManagementConfiguration$$EnhancerBySpringCGLIB$$92939e68] is not eligible for getting processed by all BeanPostProcessors (for example: not eligible for auto-proxying)
2019-07-23 13:54:54 | [34mINFO [0;39m | [1;33mrestartedMain[0;39m | [1;32morg.springframework.boot.web.embedded.tomcat.TomcatWebServer[0;39m | Tomcat initialized with port(s): 9090 (http)
2019-07-23 13:54:54 | [34mINFO [0;39m | [1;33mrestartedMain[0;39m | [1;32morg.apache.coyote.http11.Http11NioProtocol[0;39m | Initializing ProtocolHandler ["http-nio-9090"]
2019-07-23 13:54:54 | [34mINFO [0;39m | [1;33mrestartedMain[0;39m | [1;32morg.apache.catalina.core.StandardService[0;39m | Starting service [Tomcat]
2019-07-23 13:54:54 | [34mINFO [0;39m | [1;33mrestartedMain[0;39m | [1;32morg.apache.catalina.core.StandardEngine[0;39m | Starting Servlet engine: [Apache Tomcat/9.0.21]
2019-07-23 13:54:54 | [34mINFO [0;39m | [1;33mrestartedMain[0;39m | [1;32morg.apache.catalina.core.ContainerBase.[Tomcat].[localhost].[/project1][0;39m | Initializing Spring embedded WebApplicationContext
2019-07-23 13:54:54 | [34mINFO [0;39m | [1;33mrestartedMain[0;39m | [1;32morg.springframework.web.context.ContextLoader[0;39m | Root WebApplicationContext: initialization completed in 275 ms
2019-07-23 13:54:54 | [34mINFO [0;39m | [1;33mrestartedMain[0;39m | [1;32mcom.zyx.util.redis.RedisConfig[0;39m | 自定义RedisCacheManager加载完成
2019-07-23 13:54:54 | [34mINFO [0;39m | [1;33mrestartedMain[0;39m | [1;32morg.springframework.scheduling.concurrent.ThreadPoolTaskExecutor[0;39m | Initializing ExecutorService 'applicationTaskExecutor'
2019-07-23 13:54:54 | [34mINFO [0;39m | [1;33mrestartedMain[0;39m | [1;32morg.springframework.boot.devtools.autoconfigure.OptionalLiveReloadServer[0;39m | LiveReload server is running on port 35729
2019-07-23 13:54:54 | [34mINFO [0;39m | [1;33mrestartedMain[0;39m | [1;32morg.apache.coyote.http11.Http11NioProtocol[0;39m | Starting ProtocolHandler ["http-nio-9090"]
2019-07-23 13:54:54 | [34mINFO [0;39m | [1;33mrestartedMain[0;39m | [1;32morg.springframework.boot.web.embedded.tomcat.TomcatWebServer[0;39m | Tomcat started on port(s): 9090 (http) with context path '/project1'
2019-07-23 13:54:54 | [34mINFO [0;39m | [1;33mrestartedMain[0;39m | [1;32mcom.zyx.Demo1Application[0;39m | Started Demo1Application in 1.627 seconds (JVM running for 456.15)
2019-07-23 13:54:54 | [34mINFO [0;39m | [1;33mrestartedMain[0;39m | [1;32morg.springframework.boot.devtools.autoconfigure.ConditionEvaluationDeltaLoggingListener[0;39m | Condition evaluation unchanged
2019-07-23 13:55:13 | [34mINFO [0;39m | [1;33mhttp-nio-9090-exec-1[0;39m | [1;32morg.apache.catalina.core.ContainerBase.[Tomcat].[localhost].[/project1][0;39m | Initializing Spring DispatcherServlet 'dispatcherServlet'
2019-07-23 13:55:13 | [34mINFO [0;39m | [1;33mhttp-nio-9090-exec-1[0;39m | [1;32morg.springframework.web.servlet.DispatcherServlet[0;39m | Initializing Servlet 'dispatcherServlet'
2019-07-23 13:55:13 | [34mINFO [0;39m | [1;33mhttp-nio-9090-exec-1[0;39m | [1;32morg.springframework.web.servlet.DispatcherServlet[0;39m | Completed initialization in 3 ms
2019-07-23 13:55:13 | [34mINFO [0;39m | [1;33mhttp-nio-9090-exec-1[0;39m | [1;32mcom.alibaba.druid.pool.DruidDataSource[0;39m | {dataSource-4} inited
2019-07-23 14:13:30 | [34mINFO [0;39m | [1;33mThread-27[0;39m | [1;32morg.springframework.scheduling.concurrent.ThreadPoolTaskExecutor[0;39m | Shutting down ExecutorService 'applicationTaskExecutor'
2019-07-23 14:13:30 | [34mINFO [0;39m | [1;33mThread-27[0;39m | [1;32mcom.alibaba.druid.pool.DruidDataSource[0;39m | {dataSource-4} closing ...
2019-07-23 14:13:30 | [34mINFO [0;39m | [1;33mThread-27[0;39m | [1;32mcom.alibaba.druid.pool.DruidDataSource[0;39m | {dataSource-4} closed
